TN:
SF:lib/index.js
FN:21,generateResume
FNF:1
FNH:1
FNDA:16,generateResume
DA:1,2
DA:2,2
DA:3,2
DA:4,2
DA:23,16
DA:36,16
DA:39,16
DA:40,1
DA:43,15
DA:46,15
DA:47,15
DA:48,15
DA:49,15
DA:50,15
DA:51,15
DA:54,15
DA:64,15
DA:66,15
DA:67,14
DA:70,15
DA:71,6
DA:72,6
DA:75,15
DA:79,2
DA:81,2
LF:25
LH:25
BRDA:21,0,0,1
BRDA:27,1,0,9
BRDA:27,1,1,7
BRDA:39,2,0,1
BRDA:39,2,1,15
BRDA:66,3,0,14
BRDA:66,3,1,1
BRDA:66,4,0,15
BRDA:66,4,1,6
BRDA:70,5,0,6
BRDA:70,5,1,9
BRDA:70,6,0,15
BRDA:70,6,1,14
BRDA:70,6,2,9
BRDA:71,7,0,6
BRDA:71,7,1,0
BRF:16
BRH:15
end_of_record
TN:
SF:lib/utils.js
FN:11,randomInt
FN:20,pickRandom
FN:31,pickMultiple
FN:51,generateDateRange
FN:60,(anonymous_4)
FNF:5
FNH:5
FNDA:374,randomInt
FNDA:316,pickRandom
FNDA:129,pickMultiple
FNDA:27,generateDateRange
FNDA:43,(anonymous_4)
DA:12,374
DA:21,316
DA:32,129
DA:33,129
DA:34,129
DA:36,129
DA:37,452
DA:38,452
DA:41,129
DA:52,27
DA:53,27
DA:54,16
DA:57,27
DA:58,27
DA:60,27
DA:61,43
DA:62,43
DA:65,27
DA:71,2
LF:19
LH:19
BRDA:36,0,0,581
BRDA:36,0,1,454
BRDA:51,1,0,0
BRDA:53,2,0,16
BRDA:53,2,1,11
BRDA:67,3,0,11
BRDA:67,3,1,16
BRF:7
BRH:6
end_of_record
TN:
SF:lib/data/industries.js
FNF:0
FNH:0
DA:4,3
LF:1
LH:1
BRF:0
BRH:0
end_of_record
TN:
SF:lib/generators/basicInfo.js
FN:12,generateBasicInfo
FNF:1
FNH:1
FNDA:13,generateBasicInfo
DA:1,2
DA:13,13
DA:14,13
DA:15,13
DA:17,13
DA:29,2
LF:6
LH:6
BRDA:13,0,0,13
BRDA:13,0,1,2
BRDA:13,1,0,1
BRDA:13,1,1,1
BRDA:21,2,0,13
BRDA:21,2,1,3
BRDA:23,3,0,10
BRDA:23,3,1,3
BRDA:24,4,0,6
BRDA:24,4,1,7
BRF:10
BRH:10
end_of_record
TN:
SF:lib/generators/certifications.js
FN:9,generateCertifications
FNF:1
FNH:1
FNDA:12,generateCertifications
DA:1,2
DA:10,12
DA:11,1
DA:14,11
DA:18,11
DA:21,2
LF:6
LH:6
BRDA:10,0,0,1
BRDA:10,0,1,11
BRDA:10,1,0,12
BRDA:10,1,1,1
BRDA:14,2,0,1
BRDA:14,2,1,10
BRDA:15,3,0,8
BRDA:15,3,1,2
BRF:8
BRH:8
end_of_record
TN:
SF:lib/generators/education.js
FN:11,generateEducation
FNF:1
FNH:1
FNDA:12,generateEducation
DA:1,2
DA:2,2
DA:12,12
DA:16,12
DA:17,12
DA:24,12
DA:25,12
DA:27,12
DA:28,12
DA:29,8
DA:32,12
DA:33,3
DA:36,12
DA:37,3
DA:40,12
DA:49,12
DA:50,1
DA:63,1
DA:66,12
DA:69,2
LF:20
LH:20
BRDA:12,0,0,0
BRDA:12,0,1,12
BRDA:12,1,0,12
BRDA:12,1,1,1
BRDA:28,2,0,8
BRDA:28,2,1,4
BRDA:32,3,0,3
BRDA:32,3,1,9
BRDA:36,4,0,3
BRDA:36,4,1,9
BRDA:49,5,0,1
BRDA:49,5,1,11
BRDA:49,6,0,12
BRDA:49,6,1,1
BRDA:51,7,0,1
BRDA:51,7,1,0
BRDA:59,8,0,1
BRDA:59,8,1,0
BRF:18
BRH:15
end_of_record
TN:
SF:lib/generators/experience.js
FN:11,generateExperience
FN:54,(anonymous_1)
FN:57,(anonymous_2)
FNF:3
FNH:3
FNDA:14,generateExperience
FNDA:20,(anonymous_1)
FNDA:15,(anonymous_2)
DA:1,2
DA:2,2
DA:12,14
DA:19,14
DA:20,14
DA:21,14
DA:23,14
DA:24,33
DA:25,33
DA:29,33
DA:31,33
DA:32,33
DA:34,33
DA:35,33
DA:36,33
DA:39,33
DA:40,33
DA:42,33
DA:47,33
DA:48,126
DA:49,126
DA:52,126
DA:54,50
DA:55,50
DA:57,43
DA:58,43
DA:60,33
DA:61,33
DA:64,126
DA:67,33
DA:76,14
DA:79,2
LF:32
LH:32
BRDA:13,0,0,2
BRDA:13,0,1,12
BRDA:14,1,0,10
BRDA:14,1,1,2
BRDA:25,2,0,14
BRDA:25,2,1,19
BRDA:52,3,0,50
BRDA:52,3,1,43
BRDA:52,3,2,33
BRF:9
BRH:9
end_of_record
TN:
SF:lib/generators/index.js
FNF:0
FNH:0
DA:4,1
DA:5,1
DA:6,1
DA:7,1
DA:8,1
DA:9,1
DA:11,1
LF:7
LH:7
BRF:0
BRH:0
end_of_record
TN:
SF:lib/generators/skills.js
FN:8,generateSkills
FNF:1
FNH:1
FNDA:11,generateSkills
DA:1,2
DA:9,11
DA:12,11
DA:18,11
DA:30,2
LF:5
LH:5
BRF:0
BRH:0
end_of_record
TN:
SF:lib/generators/summary.js
FN:10,generateSummary
FNF:1
FNH:1
FNDA:13,generateSummary
DA:1,2
DA:11,13
DA:12,13
DA:14,13
DA:15,13
DA:16,2
DA:17,11
DA:18,9
DA:20,2
DA:23,13
DA:26,2
LF:11
LH:11
BRDA:15,0,0,2
BRDA:15,0,1,11
BRDA:17,1,0,9
BRDA:17,1,1,2
BRF:4
BRH:4
end_of_record
TN:
SF:lib/pdf/batchGenerator.js
FN:16,generateBatchPDF
FNF:1
FNH:0
FNDA:0,generateBatchPDF
DA:1,1
DA:2,1
DA:3,1
DA:4,1
DA:17,0
DA:19,0
DA:20,0
DA:22,0
DA:23,0
DA:24,0
DA:27,0
DA:30,0
DA:36,0
DA:39,0
DA:40,0
DA:41,0
DA:44,0
DA:47,0
DA:50,0
DA:51,0
DA:56,0
DA:76,0
DA:77,0
DA:80,0
DA:83,0
DA:86,0
DA:91,0
DA:104,0
DA:107,0
DA:109,0
DA:110,0
DA:114,1
LF:32
LH:5
BRDA:16,0,0,0
BRDA:22,1,0,0
BRDA:22,1,1,0
BRDA:23,2,0,0
BRDA:23,2,1,0
BRDA:24,3,0,0
BRDA:24,3,1,0
BRDA:44,4,0,0
BRDA:44,4,1,0
BRDA:50,5,0,0
BRDA:50,5,1,0
BRF:11
BRH:0
end_of_record
TN:
SF:lib/pdf/generator.js
FN:16,generatePDF
FNF:1
FNH:0
FNDA:0,generatePDF
DA:1,1
DA:2,1
DA:3,1
DA:4,1
DA:17,0
DA:20,0
DA:21,0
DA:23,0
DA:24,0
DA:25,0
DA:28,0
DA:31,0
DA:37,0
DA:38,0
DA:41,0
DA:56,0
DA:57,0
DA:60,0
DA:63,0
DA:66,0
DA:71,0
DA:84,0
DA:87,0
DA:89,0
DA:90,0
DA:94,1
LF:26
LH:5
BRDA:16,0,0,0
BRDA:23,1,0,0
BRDA:23,1,1,0
BRDA:24,2,0,0
BRDA:24,2,1,0
BRDA:25,3,0,0
BRDA:25,3,1,0
BRF:7
BRH:0
end_of_record
TN:
SF:lib/templates/default.js
FNF:0
FNH:0
DA:4,2
LF:1
LH:1
BRF:0
BRH:0
end_of_record
TN:
SF:lib/templates/styles.js
FN:11,getStyle
FN:155,getStyleWithPageBreaks
FNF:2
FNH:2
FNDA:5,getStyle
FNDA:1,getStyleWithPageBreaks
DA:12,5
DA:146,5
DA:156,1
DA:159,1
DA:168,1
DA:171,1
LF:6
LH:6
BRDA:146,0,0,5
BRDA:146,0,1,1
BRF:2
BRH:2
end_of_record
